<?xml version="1.0" encoding="UTF-8"?>
<!-- Generated by org.testng.reporters.JUnitReportReporter -->
<testsuite skipped="0" hostname="DESKTOP-MLOH9VB" name="RestAPIdemo.AddAndDeleteBooksUsingDataProvider" tests="3" failures="0" timestamp="2022-02-02T16:03:22 IST" time="7.043" errors="0">
  <testcase name="add" time="5.851" classname="RestAPIdemo.AddAndDeleteBooksUsingDataProvider"/>
  <system-out/>
  <testcase name="add" time="0.624" classname="RestAPIdemo.AddAndDeleteBooksUsingDataProvider"/>
  <system-out/>
  <testcase name="add" time="0.568" classname="RestAPIdemo.AddAndDeleteBooksUsingDataProvider"/>
  <system-out/>
</testsuite> <!-- RestAPIdemo.AddAndDeleteBooksUsingDataProvider -->
